app/build/outputs/logs/manifest-merger-debug-report.txt
-- Merging decision tree log ---
manifest
ADDED from src\main\AndroidManifest.xml:2:1-206:12
	package
		ADDED from src\main\AndroidManifest.xml:3:5-42
		INJECTED from src\main\AndroidManifest.xml
		INJECTED from src\main\AndroidManifest.xml
	xmlns:android
		ADDED from src\main\AndroidManifest.xml:2:11-69
	android:installLocation
		ADDED from src\main\AndroidManifest.xml:4:5-35
uses-permission#android.permission.WAKE_LOCK
ADDED from src\main\AndroidManifest.xml:6:5-68
MERGED from [com.google.android.gms:play-services-measurement:8.1.0] AndroidManifest.xml:24:5-67
	android:name
		ADDED from src\main\AndroidManifest.xml:6:22-65
uses-permission#android.permission.ACCESS_NETWORK_STATE
ADDED from src\main\AndroidManifest.xml:10:5-79
MERGED from [com.google.android.gms:play-services-ads:8.1.0] AndroidManifest.xml:21:5-78
MERGED from [com.google.android.gms:play-services-analytics:8.1.0] AndroidManifest.xml:22:5-79
MERGED from [com.google.android.gms:play-services-ads:8.1.0] AndroidManifest.xml:21:5-78
MERGED from [com.google.android.gms:play-services-maps:8.1.0] AndroidManifest.xml:20:5-78
MERGED from [com.google.android.gms:play-services-maps:8.1.0] AndroidManifest.xml:20:5-78
MERGED from [com.google.android.gms:play-services-maps:8.1.0] AndroidManifest.xml:20:5-78
MERGED from [com.google.android.gms:play-services-measurement:8.1.0] AndroidManifest.xml:22:5-79
MERGED from [com.google.android.gms:play-services-analytics:8.1.0] AndroidManifest.xml:22:5-79
MERGED from [com.google.android.gms:play-services-ads:8.1.0] AndroidManifest.xml:21:5-78
MERGED from [com.google.android.gms:play-services-nearby:8.1.0] AndroidManifest.xml:19:5-79
MERGED from [com.google.android.gms:play-services-maps:8.1.0] AndroidManifest.xml:20:5-78
	android:name
		ADDED from src\main\AndroidManifest.xml:10:22-76
uses-permission#com.google.android.providers.gsf.permission.READ_GSERVICES
ADDED from src\main\AndroidManifest.xml:11:5-98
	android:name
		ADDED from src\main\AndroidManifest.xml:11:22-95
uses-permission#android.permission.WRITE_EXTERNAL_STORAGE
ADDED from src\main\AndroidManifest.xml:12:5-81
MERGED from [com.google.android.gms:play-services-maps:8.1.0] AndroidManifest.xml:22:5-80
MERGED from [com.google.android.gms:play-services-maps:8.1.0] AndroidManifest.xml:22:5-80
MERGED from [com.google.android.gms:play-services-maps:8.1.0] AndroidManifest.xml:22:5-80
MERGED from [com.google.android.gms:play-services-maps:8.1.0] AndroidManifest.xml:22:5-80
	android:name
		ADDED from src\main\AndroidManifest.xml:12:22-78
uses-permission#android.permission.ACCESS_FINE_LOCATION
ADDED from src\main\AndroidManifest.xml:15:5-79
	android:name
		ADDED from src\main\AndroidManifest.xml:15:22-76
uses-permission#android.permission.INTERNET
ADDED from src\main\AndroidManifest.xml:16:5-67
MERGED from [com.google.android.gms:play-services-ads:8.1.0] AndroidManifest.xml:20:5-66
MERGED from [com.google.android.gms:play-services-analytics:8.1.0] AndroidManifest.xml:21:5-67
MERGED from [com.google.android.gms:play-services-ads:8.1.0] AndroidManifest.xml:20:5-66
MERGED from [com.google.android.gms:play-services-appinvite:8.1.0] AndroidManifest.xml:19:5-67
MERGED from [com.google.android.gms:play-services-maps:8.1.0] AndroidManifest.xml:21:5-66
MERGED from [com.google.android.gms:play-services-gcm:8.1.0] AndroidManifest.xml:22:5-67
MERGED from [com.google.android.gms:play-services-maps:8.1.0] AndroidManifest.xml:21:5-66
MERGED from [com.google.android.gms:play-services-maps:8.1.0] AndroidManifest.xml:21:5-66
MERGED from [com.google.android.gms:play-services-measurement:8.1.0] AndroidManifest.xml:21:5-67
MERGED from [com.google.android.gms:play-services-analytics:8.1.0] AndroidManifest.xml:21:5-67
MERGED from [com.google.android.gms:play-services-ads:8.1.0] AndroidManifest.xml:20:5-66
MERGED from [com.google.android.gms:play-services-wallet:8.1.0] AndroidManifest.xml:20:5-66
MERGED from [com.google.android.gms:play-services-maps:8.1.0] AndroidManifest.xml:21:5-66
	android:name
		ADDED from src\main\AndroidManifest.xml:16:22-64
uses-permission#android.permission.GET_ACCOUNTS
ADDED from src\main\AndroidManifest.xml:20:5-71
MERGED from [com.google.android.gms:play-services-wallet:8.1.0] AndroidManifest.xml:21:5-70
	android:name
		ADDED from src\main\AndroidManifest.xml:20:22-68
uses-permission#android.permission.USE_CREDENTIALS
ADDED from src\main\AndroidManifest.xml:21:5-74
MERGED from [com.google.android.gms:play-services-wallet:8.1.0] AndroidManifest.xml:22:5-73
	android:name
		ADDED from src\main\AndroidManifest.xml:21:22-71
uses-permission#android.permission.RECORD_AUDIO
ADDED from src\main\AndroidManifest.xml:24:5-71
	android:name
		ADDED from src\main\AndroidManifest.xml:24:22-68
uses-permission#com.example.googlemaps.permission.MAPS_RECEIVE
ADDED from src\main\AndroidManifest.xml:31:5-86
	android:name
		ADDED from src\main\AndroidManifest.xml:31:22-83
uses-permission#android.permission.READ_PROFILE
ADDED from src\main\AndroidManifest.xml:32:5-71
	android:name
		ADDED from src\main\AndroidManifest.xml:32:22-68
uses-permission#android.permission.READ_CONTACTS
ADDED from src\main\AndroidManifest.xml:33:5-72
	android:name
		ADDED from src\main\AndroidManifest.xml:33:22-69
application
ADDED from src\main\AndroidManifest.xml:35:5-204:19
MERGED from [com.ikimuhendis:ldrawer:0.1] AndroidManifest.xml:11:5-47
MERGED from [com.android.support:support-v4:22.2.0] AndroidManifest.xml:22:5-20
MERGED from [de.hdodenhof:circleimageview:2.0.0] AndroidManifest.xml:9:5-20
MERGED from [com.google.android.gms:play-services:8.1.0] AndroidManifest.xml:19:5-20
MERGED from [com.google.android.gms:play-services-ads:8.1.0] AndroidManifest.xml:24:5-32:19
MERGED from [com.google.android.gms:play-services-basement:8.1.0] AndroidManifest.xml:20:5-24:19
MERGED from [com.android.support:support-v4:22.2.0] AndroidManifest.xml:22:5-20
MERGED from [com.google.android.gms:play-services-appindexing:8.1.0] AndroidManifest.xml:19:5-20
MERGED from [com.google.android.gms:play-services-basement:8.1.0] AndroidManifest.xml:20:5-24:19
MERGED from [com.android.support:support-v4:22.2.0] AndroidManifest.xml:22:5-20
MERGED from [com.google.android.gms:play-services-analytics:8.1.0] AndroidManifest.xml:24:5-20
MERGED from [com.google.android.gms:play-services-basement:8.1.0] AndroidManifest.xml:20:5-24:19
MERGED from [com.android.support:support-v4:22.2.0] AndroidManifest.xml:22:5-20
MERGED from [com.google.android.gms:play-services-ads:8.1.0] AndroidManifest.xml:24:5-32:19
MERGED from [com.google.android.gms:play-services-basement:8.1.0] AndroidManifest.xml:20:5-24:19
MERGED from [com.android.support:support-v4:22.2.0] AndroidManifest.xml:22:5-20
MERGED from [com.google.android.gms:play-services-appindexing:8.1.0] AndroidManifest.xml:19:5-20
MERGED from [com.google.android.gms:play-services-basement:8.1.0] AndroidManifest.xml:20:5-24:19
MERGED from [com.android.support:support-v4:22.2.0] AndroidManifest.xml:22:5-20
MERGED from [com.google.android.gms:play-services-appindexing:8.1.0] AndroidManifest.xml:19:5-20
MERGED from [com.google.android.gms:play-services-basement:8.1.0] AndroidManifest.xml:20:5-24:19
MERGED from [com.android.support:support-v4:22.2.0] AndroidManifest.xml:22:5-20
MERGED from [com.google.android.gms:play-services-appinvite:8.1.0] AndroidManifest.xml:20:5-20
MERGED from [com.google.android.gms:play-services-basement:8.1.0] AndroidManifest.xml:20:5-24:19
MERGED from [com.android.support:support-v4:22.2.0] AndroidManifest.xml:22:5-20
MERGED from [com.google.android.gms:play-services-appstate:8.1.0] AndroidManifest.xml:19:5-20
MERGED from [com.google.android.gms:play-services-basement:8.1.0] AndroidManifest.xml:20:5-24:19
MERGED from [com.android.support:support-v4:22.2.0] AndroidManifest.xml:22:5-20
MERGED from [com.google.android.gms:play-services-basement:8.1.0] AndroidManifest.xml:20:5-24:19
MERGED from [com.android.support:support-v4:22.2.0] AndroidManifest.xml:22:5-20
MERGED from [com.google.android.gms:play-services-basement:8.1.0] AndroidManifest.xml:20:5-24:19
MERGED from [com.android.support:support-v4:22.2.0] AndroidManifest.xml:22:5-20
MERGED from [com.google.android.gms:play-services-cast:8.1.0] AndroidManifest.xml:19:5-20
MERGED from [com.google.android.gms:play-services-basement:8.1.0] AndroidManifest.xml:20:5-24:19
MERGED from [com.android.support:support-v4:22.2.0] AndroidManifest.xml:22:5-20
MERGED from [com.android.support:mediarouter-v7:22.2.0] AndroidManifest.xml:22:5-20
MERGED from [com.android.support:appcompat-v7:22.2.0] AndroidManifest.xml:22:5-20
MERGED from [com.android.support:support-v4:22.2.0] AndroidManifest.xml:22:5-20
MERGED from [com.google.android.gms:play-services-drive:8.1.0] AndroidManifest.xml:19:5-20
MERGED from [com.google.android.gms:play-services-basement:8.1.0] AndroidManifest.xml:20:5-24:19
MERGED from [com.android.support:support-v4:22.2.0] AndroidManifest.xml:22:5-20
MERGED from [com.google.android.gms:play-services-fitness:8.1.0] AndroidManifest.xml:19:5-20
MERGED from [com.google.android.gms:play-services-basement:8.1.0] AndroidManifest.xml:20:5-24:19
MERGED from [com.android.support:support-v4:22.2.0] AndroidManifest.xml:22:5-20
MERGED from [com.google.android.gms:play-services-location:8.1.0] AndroidManifest.xml:19:5-20
MERGED from [com.google.android.gms:play-services-basement:8.1.0] AndroidManifest.xml:20:5-24:19
MERGED from [com.android.support:support-v4:22.2.0] AndroidManifest.xml:22:5-20
MERGED from [com.google.android.gms:play-services-maps:8.1.0] AndroidManifest.xml:28:5-20
MERGED from [com.google.android.gms:play-services-basement:8.1.0] AndroidManifest.xml:20:5-24:19
MERGED from [com.android.support:support-v4:22.2.0] AndroidManifest.xml:22:5-20
MERGED from [com.google.android.gms:play-services-games:8.1.0] AndroidManifest.xml:19:5-20
MERGED from [com.google.android.gms:play-services-basement:8.1.0] AndroidManifest.xml:20:5-24:19
MERGED from [com.android.support:support-v4:22.2.0] AndroidManifest.xml:22:5-20
MERGED from [com.google.android.gms:play-services-drive:8.1.0] AndroidManifest.xml:19:5-20
MERGED from [com.google.android.gms:play-services-basement:8.1.0] AndroidManifest.xml:20:5-24:19
MERGED from [com.android.support:support-v4:22.2.0] AndroidManifest.xml:22:5-20
MERGED from [com.google.android.gms:play-services-gcm:8.1.0] AndroidManifest.xml:24:5-20
MERGED from [com.google.android.gms:play-services-basement:8.1.0] AndroidManifest.xml:20:5-24:19
MERGED from [com.android.support:support-v4:22.2.0] AndroidManifest.xml:22:5-20
MERGED from [com.google.android.gms:play-services-identity:8.1.0] AndroidManifest.xml:19:5-20
MERGED from [com.google.android.gms:play-services-basement:8.1.0] AndroidManifest.xml:20:5-24:19
MERGED from [com.android.support:support-v4:22.2.0] AndroidManifest.xml:22:5-20
MERGED from [com.google.android.gms:play-services-location:8.1.0] AndroidManifest.xml:19:5-20
MERGED from [com.google.android.gms:play-services-basement:8.1.0] AndroidManifest.xml:20:5-24:19
MERGED from [com.android.support:support-v4:22.2.0] AndroidManifest.xml:22:5-20
MERGED from [com.google.android.gms:play-services-maps:8.1.0] AndroidManifest.xml:28:5-20
MERGED from [com.google.android.gms:play-services-basement:8.1.0] AndroidManifest.xml:20:5-24:19
MERGED from [com.android.support:support-v4:22.2.0] AndroidManifest.xml:22:5-20
MERGED from [com.google.android.gms:play-services-maps:8.1.0] AndroidManifest.xml:28:5-20
MERGED from [com.google.android.gms:play-services-basement:8.1.0] AndroidManifest.xml:20:5-24:19
MERGED from [com.android.support:support-v4:22.2.0] AndroidManifest.xml:22:5-20
MERGED from [com.google.android.gms:play-services-measurement:8.1.0] AndroidManifest.xml:26:5-46:19
MERGED from [com.google.android.gms:play-services-basement:8.1.0] AndroidManifest.xml:20:5-24:19
MERGED from [com.android.support:support-v4:22.2.0] AndroidManifest.xml:22:5-20
MERGED from [com.google.android.gms:play-services-analytics:8.1.0] AndroidManifest.xml:24:5-20
MERGED from [com.google.android.gms:play-services-basement:8.1.0] AndroidManifest.xml:20:5-24:19
MERGED from [com.android.support:support-v4:22.2.0] AndroidManifest.xml:22:5-20
MERGED from [com.google.android.gms:play-services-ads:8.1.0] AndroidManifest.xml:24:5-32:19
MERGED from [com.google.android.gms:play-services-basement:8.1.0] AndroidManifest.xml:20:5-24:19
MERGED from [com.android.support:support-v4:22.2.0] AndroidManifest.xml:22:5-20
MERGED from [com.google.android.gms:play-services-appindexing:8.1.0] AndroidManifest.xml:19:5-20
MERGED from [com.google.android.gms:play-services-basement:8.1.0] AndroidManifest.xml:20:5-24:19
MERGED from [com.android.support:support-v4:22.2.0] AndroidManifest.xml:22:5-20
MERGED from [com.google.android.gms:play-services-nearby:8.1.0] AndroidManifest.xml:20:5-20
MERGED from [com.google.android.gms:play-services-basement:8.1.0] AndroidManifest.xml:20:5-24:19
MERGED from [com.android.support:support-v4:22.2.0] AndroidManifest.xml:22:5-20
MERGED from [com.google.android.gms:play-services-panorama:8.1.0] AndroidManifest.xml:19:5-20
MERGED from [com.google.android.gms:play-services-basement:8.1.0] AndroidManifest.xml:20:5-24:19
MERGED from [com.android.support:support-v4:22.2.0] AndroidManifest.xml:22:5-20
MERGED from [com.google.android.gms:play-services-plus:8.1.0] AndroidManifest.xml:19:5-20
MERGED from [com.google.android.gms:play-services-basement:8.1.0] AndroidManifest.xml:20:5-24:19
MERGED from [com.android.support:support-v4:22.2.0] AndroidManifest.xml:22:5-20
MERGED from [com.google.android.gms:play-services-safetynet:8.1.0] AndroidManifest.xml:19:5-20
MERGED from [com.google.android.gms:play-services-basement:8.1.0] AndroidManifest.xml:20:5-24:19
MERGED from [com.android.support:support-v4:22.2.0] AndroidManifest.xml:22:5-20
MERGED from [com.google.android.gms:play-services-vision:8.1.0] AndroidManifest.xml:5:5-20
MERGED from [com.google.android.gms:play-services-basement:8.1.0] AndroidManifest.xml:20:5-24:19
MERGED from [com.android.support:support-v4:22.2.0] AndroidManifest.xml:22:5-20
MERGED from [com.google.android.gms:play-services-basement:8.1.0] AndroidManifest.xml:20:5-24:19
MERGED from [com.android.support:support-v4:22.2.0] AndroidManifest.xml:22:5-20
MERGED from [com.google.android.gms:play-services-identity:8.1.0] AndroidManifest.xml:19:5-20
MERGED from [com.google.android.gms:play-services-basement:8.1.0] AndroidManifest.xml:20:5-24:19
MERGED from [com.android.support:support-v4:22.2.0] AndroidManifest.xml:22:5-20
MERGED from [com.google.android.gms:play-services-maps:8.1.0] AndroidManifest.xml:28:5-20
MERGED from [com.google.android.gms:play-services-basement:8.1.0] AndroidManifest.xml:20:5-24:19
MERGED from [com.android.support:support-v4:22.2.0] AndroidManifest.xml:22:5-20
MERGED from [com.google.android.gms:play-services-wearable:8.1.0] AndroidManifest.xml:19:5-20
MERGED from [com.google.android.gms:play-services-basement:8.1.0] AndroidManifest.xml:20:5-24:19
MERGED from [com.android.support:support-v4:22.2.0] AndroidManifest.xml:22:5-20
MERGED from [com.android.support:support-v4:22.2.0] AndroidManifest.xml:22:5-20
MERGED from [com.android.support:appcompat-v7:22.2.0] AndroidManifest.xml:22:5-20
MERGED from [com.android.support:support-v4:22.2.0] AndroidManifest.xml:22:5-20
MERGED from [com.facebook.android:facebook-android-sdk:4.1.0] AndroidManifest.xml:28:5-20
MERGED from [com.android.support:support-v4:22.2.0] AndroidManifest.xml:22:5-20
	android:label
		ADDED from src\main\AndroidManifest.xml:39:9-41
	android:allowBackup
		ADDED from src\main\AndroidManifest.xml:37:9-35
	android:icon
		ADDED from src\main\AndroidManifest.xml:38:9-42
	android:theme
		ADDED from src\main\AndroidManifest.xml:40:9-40
	android:name
		ADDED from src\main\AndroidManifest.xml:36:9-38
activity#com.facebook.FacebookActivity
ADDED from src\main\AndroidManifest.xml:41:9-45:75
	android:label
		ADDED from src\main\AndroidManifest.xml:44:13-45
	android:configChanges
		ADDED from src\main\AndroidManifest.xml:43:13-96
	android:theme
		ADDED from src\main\AndroidManifest.xml:45:13-72
	android:name
		ADDED from src\main\AndroidManifest.xml:42:13-57
meta-data#com.google.android.gms.version
ADDED from src\main\AndroidManifest.xml:48:9-50:69
MERGED from [com.google.android.gms:play-services-basement:8.1.0] AndroidManifest.xml:21:9-23:69
MERGED from [com.google.android.gms:play-services-basement:8.1.0] AndroidManifest.xml:21:9-23:69
MERGED from [com.google.android.gms:play-services-basement:8.1.0] AndroidManifest.xml:21:9-23:69
MERGED from [com.google.android.gms:play-services-basement:8.1.0] AndroidManifest.xml:21:9-23:69
MERGED from [com.google.android.gms:play-services-basement:8.1.0] AndroidManifest.xml:21:9-23:69
MERGED from [com.google.android.gms:play-services-basement:8.1.0] AndroidManifest.xml:21:9-23:69
MERGED from [com.google.android.gms:play-services-basement:8.1.0] AndroidManifest.xml:21:9-23:69
MERGED from [com.google.android.gms:play-services-basement:8.1.0] AndroidManifest.xml:21:9-23:69
MERGED from [com.google.android.gms:play-services-basement:8.1.0] AndroidManifest.xml:21:9-23:69
MERGED from [com.google.android.gms:play-services-basement:8.1.0] AndroidManifest.xml:21:9-23:69
MERGED from [com.google.android.gms:play-services-basement:8.1.0] AndroidManifest.xml:21:9-23:69
MERGED from [com.google.android.gms:play-services-basement:8.1.0] AndroidManifest.xml:21:9-23:69
MERGED from [com.google.android.gms:play-services-basement:8.1.0] AndroidManifest.xml:21:9-23:69
MERGED from [com.google.android.gms:play-services-basement:8.1.0] AndroidManifest.xml:21:9-23:69
MERGED from [com.google.android.gms:play-services-basement:8.1.0] AndroidManifest.xml:21:9-23:69
MERGED from [com.google.android.gms:play-services-basement:8.1.0] AndroidManifest.xml:21:9-23:69
MERGED from [com.google.android.gms:play-services-basement:8.1.0] AndroidManifest.xml:21:9-23:69
MERGED from [com.google.android.gms:play-services-basement:8.1.0] AndroidManifest.xml:21:9-23:69
MERGED from [com.google.android.gms:play-services-basement:8.1.0] AndroidManifest.xml:21:9-23:69
MERGED from [com.google.android.gms:play-services-basement:8.1.0] AndroidManifest.xml:21:9-23:69
MERGED from [com.google.android.gms:play-services-basement:8.1.0] AndroidManifest.xml:21:9-23:69
MERGED from [com.google.android.gms:play-services-basement:8.1.0] AndroidManifest.xml:21:9-23:69
MERGED from [com.google.android.gms:play-services-basement:8.1.0] AndroidManifest.xml:21:9-23:69
MERGED from [com.google.android.gms:play-services-basement:8.1.0] AndroidManifest.xml:21:9-23:69
MERGED from [com.google.android.gms:play-services-basement:8.1.0] AndroidManifest.xml:21:9-23:69
MERGED from [com.google.android.gms:play-services-basement:8.1.0] AndroidManifest.xml:21:9-23:69
MERGED from [com.google.android.gms:play-services-basement:8.1.0] AndroidManifest.xml:21:9-23:69
MERGED from [com.google.android.gms:play-services-basement:8.1.0] AndroidManifest.xml:21:9-23:69
MERGED from [com.google.android.gms:play-services-basement:8.1.0] AndroidManifest.xml:21:9-23:69
MERGED from [com.google.android.gms:play-services-basement:8.1.0] AndroidManifest.xml:21:9-23:69
MERGED from [com.google.android.gms:play-services-basement:8.1.0] AndroidManifest.xml:21:9-23:69
MERGED from [com.google.android.gms:play-services-basement:8.1.0] AndroidManifest.xml:21:9-23:69
MERGED from [com.google.android.gms:play-services-basement:8.1.0] AndroidManifest.xml:21:9-23:69
MERGED from [com.google.android.gms:play-services-basement:8.1.0] AndroidManifest.xml:21:9-23:69
MERGED from [com.google.android.gms:play-services-basement:8.1.0] AndroidManifest.xml:21:9-23:69
	android:value
		ADDED from src\main\AndroidManifest.xml:50:13-66
	android:name
		ADDED from src\main\AndroidManifest.xml:49:13-58
meta-data#com.google.android.maps.v2.API_KEY
ADDED from src\main\AndroidManifest.xml:52:9-54:71
	android:value
		ADDED from src\main\AndroidManifest.xml:54:13-68
	android:name
		ADDED from src\main\AndroidManifest.xml:53:13-62
meta-data#com.facebook.sdk.ApplicationId
ADDED from src\main\AndroidManifest.xml:55:9-57:46
	android:value
		ADDED from src\main\AndroidManifest.xml:57:13-43
	android:name
		ADDED from src\main\AndroidManifest.xml:56:13-58
activity#name.bagi.levente.pedometer.signinup.LoginScreen
ADDED from src\main\AndroidManifest.xml:60:9-68:20
	android:label
		ADDED from src\main\AndroidManifest.xml:62:13-38
	android:name
		ADDED from src\main\AndroidManifest.xml:61:13-49
intent-filter#android.intent.action.MAIN+android.intent.category.LAUNCHER
ADDED from src\main\AndroidManifest.xml:63:13-67:29
action#android.intent.action.MAIN
ADDED from src\main\AndroidManifest.xml:64:17-69
	android:name
		ADDED from src\main\AndroidManifest.xml:64:25-66
category#android.intent.category.LAUNCHER
ADDED from src\main\AndroidManifest.xml:66:17-77
	android:name
		ADDED from src\main\AndroidManifest.xml:66:27-74
activity#name.bagi.levente.pedometer.Options
ADDED from src\main\AndroidManifest.xml:69:9-72:20
	android:label
		ADDED from src\main\AndroidManifest.xml:71:13-44
	android:name
		ADDED from src\main\AndroidManifest.xml:70:13-36
activity#name.bagi.levente.pedometer.Pedometer
ADDED from src\main\AndroidManifest.xml:73:9-82:20
	android:label
		ADDED from src\main\AndroidManifest.xml:76:13-40
	android:configChanges
		ADDED from src\main\AndroidManifest.xml:75:13-48
	android:name
		ADDED from src\main\AndroidManifest.xml:74:13-38
intent-filter#android.intent.action.MAIN+android.intent.category.DEFAULT
ADDED from src\main\AndroidManifest.xml:77:13-81:29
category#android.intent.category.DEFAULT
ADDED from src\main\AndroidManifest.xml:80:17-76
	android:name
		ADDED from src\main\AndroidManifest.xml:80:27-73
activity#name.bagi.levente.pedometer.pedometer.Settings
ADDED from src\main\AndroidManifest.xml:83:9-91:20
	android:label
		ADDED from src\main\AndroidManifest.xml:85:13-54
	android:name
		ADDED from src\main\AndroidManifest.xml:84:13-47
activity#name.bagi.levente.pedometer.MyProfile
ADDED from src\main\AndroidManifest.xml:92:9-95:20
	android:label
		ADDED from src\main\AndroidManifest.xml:94:13-37
	android:name
		ADDED from src\main\AndroidManifest.xml:93:13-38
activity#name.bagi.levente.pedometer.report.StepReport
ADDED from src\main\AndroidManifest.xml:96:9-99:20
	android:label
		ADDED from src\main\AndroidManifest.xml:98:13-37
	android:name
		ADDED from src\main\AndroidManifest.xml:97:13-46
activity#name.bagi.levente.pedometer.report.StepReport2
ADDED from src\main\AndroidManifest.xml:100:9-103:20
	android:label
		ADDED from src\main\AndroidManifest.xml:102:13-37
	android:name
		ADDED from src\main\AndroidManifest.xml:101:13-47
activity#name.bagi.levente.pedometer.report.StepReport3
ADDED from src\main\AndroidManifest.xml:104:9-107:20
	android:label
		ADDED from src\main\AndroidManifest.xml:106:13-37
	android:name
		ADDED from src\main\AndroidManifest.xml:105:13-47
activity#name.bagi.levente.pedometer.report.StepReportPieChart
ADDED from src\main\AndroidManifest.xml:108:9-111:20
	android:label
		ADDED from src\main\AndroidManifest.xml:110:13-37
	android:name
		ADDED from src\main\AndroidManifest.xml:109:13-54
activity#name.bagi.levente.pedometer.report.Report
ADDED from src\main\AndroidManifest.xml:112:9-115:20
	android:label
		ADDED from src\main\AndroidManifest.xml:114:13-37
	android:name
		ADDED from src\main\AndroidManifest.xml:113:13-42
activity#name.bagi.levente.pedometer.Map
ADDED from src\main\AndroidManifest.xml:116:9-119:20
	android:label
		ADDED from src\main\AndroidManifest.xml:118:13-39
	android:name
		ADDED from src\main\AndroidManifest.xml:117:13-32
activity#name.bagi.levente.pedometer.GetGPS
ADDED from src\main\AndroidManifest.xml:120:9-123:20
	android:label
		ADDED from src\main\AndroidManifest.xml:122:13-44
	android:name
		ADDED from src\main\AndroidManifest.xml:121:13-35
activity#name.bagi.levente.pedometer.Main
ADDED from src\main\AndroidManifest.xml:124:9-127:20
	android:label
		ADDED from src\main\AndroidManifest.xml:126:13-41
	android:name
		ADDED from src\main\AndroidManifest.xml:125:13-33
activity#name.bagi.levente.pedometer.GooglePlusLogin
ADDED from src\main\AndroidManifest.xml:128:9-131:20
	android:label
		ADDED from src\main\AndroidManifest.xml:130:13-41
	android:name
		ADDED from src\main\AndroidManifest.xml:129:13-44
activity#name.bagi.levente.pedometer.signinup.SignUp
ADDED from src\main\AndroidManifest.xml:132:9-135:20
	android:label
		ADDED from src\main\AndroidManifest.xml:134:13-37
	android:name
		ADDED from src\main\AndroidManifest.xml:133:13-44
activity#name.bagi.levente.pedometer.signinup.Login
ADDED from src\main\AndroidManifest.xml:136:9-139:20
	android:label
		ADDED from src\main\AndroidManifest.xml:138:13-38
	android:name
		ADDED from src\main\AndroidManifest.xml:137:13-43
activity#name.bagi.levente.pedometer.signinup.GooglePlusLoginActivity
ADDED from src\main\AndroidManifest.xml:140:9-143:20
	android:label
		ADDED from src\main\AndroidManifest.xml:142:13-38
	android:name
		ADDED from src\main\AndroidManifest.xml:141:13-61
activity#name.bagi.levente.pedometer.ui.MainActivity
ADDED from src\main\AndroidManifest.xml:146:9-149:20
	android:label
		ADDED from src\main\AndroidManifest.xml:148:13-38
	android:name
		ADDED from src\main\AndroidManifest.xml:147:13-44
activity#name.bagi.levente.pedometer.ui.AccessTokenActivity
ADDED from src\main\AndroidManifest.xml:151:9-154:20
	android:label
		ADDED from src\main\AndroidManifest.xml:153:13-38
	android:name
		ADDED from src\main\AndroidManifest.xml:152:13-51
activity#name.bagi.levente.pedometer.ImageUploadTest
ADDED from src\main\AndroidManifest.xml:156:9-159:20
	android:label
		ADDED from src\main\AndroidManifest.xml:158:13-38
	android:name
		ADDED from src\main\AndroidManifest.xml:157:13-44
activity#name.bagi.levente.pedometer.imageupload.UploadActivity
ADDED from src\main\AndroidManifest.xml:161:9-164:20
	android:label
		ADDED from src\main\AndroidManifest.xml:163:13-38
	android:name
		ADDED from src\main\AndroidManifest.xml:162:13-55
activity#name.bagi.levente.pedometer.Map2
ADDED from src\main\AndroidManifest.xml:166:9-169:20
	android:label
		ADDED from src\main\AndroidManifest.xml:168:13-38
	android:name
		ADDED from src\main\AndroidManifest.xml:167:13-33
activity#name.bagi.levente.pedometer.FacebookLoginActivity
ADDED from src\main\AndroidManifest.xml:171:9-176:75
	android:screenOrientation
		ADDED from src\main\AndroidManifest.xml:175:13-49
	android:label
		ADDED from src\main\AndroidManifest.xml:174:13-45
	android:configChanges
		ADDED from src\main\AndroidManifest.xml:173:13-96
	android:theme
		ADDED from src\main\AndroidManifest.xml:176:13-72
	android:name
		ADDED from src\main\AndroidManifest.xml:172:13-50
service#name.bagi.levente.pedometer.StepService
ADDED from src\main\AndroidManifest.xml:178:9-48
	android:name
		ADDED from src\main\AndroidManifest.xml:178:18-45
activity#name.bagi.levente.pedometer.MapsActivity
ADDED from src\main\AndroidManifest.xml:196:9-199:20
	android:label
		ADDED from src\main\AndroidManifest.xml:198:13-56
	android:name
		ADDED from src\main\AndroidManifest.xml:197:13-41
activity#name.bagi.levente.pedometer.LoginActivity
ADDED from src\main\AndroidManifest.xml:200:9-203:20
	android:label
		ADDED from src\main\AndroidManifest.xml:202:13-57
	android:name
		ADDED from src\main\AndroidManifest.xml:201:13-42
uses-sdk
INJECTED from src\main\AndroidManifest.xml reason: use-sdk injection requested
MERGED from [com.ikimuhendis:ldrawer:0.1] AndroidManifest.xml:7:5-9:41
MERGED from [com.android.support:support-v4:22.2.0] AndroidManifest.xml:20:5-43
MERGED from [de.hdodenhof:circleimageview:2.0.0] AndroidManifest.xml:5:5-7:41
MERGED from [com.google.android.gms:play-services:8.1.0] AndroidManifest.xml:18:5-42
MERGED from [com.google.android.gms:play-services-ads:8.1.0] AndroidManifest.xml:23:5-42
MERGED from [com.google.android.gms:play-services-basement:8.1.0] AndroidManifest.xml:18:5-42
MERGED from [com.android.support:support-v4:22.2.0] AndroidManifest.xml:20:5-43
MERGED from [com.google.android.gms:play-services-appindexing:8.1.0] AndroidManifest.xml:18:5-42
MERGED from [com.google.android.gms:play-services-basement:8.1.0] AndroidManifest.xml:18:5-42
MERGED from [com.android.support:support-v4:22.2.0] AndroidManifest.xml:20:5-43
MERGED from [com.google.android.gms:play-services-analytics:8.1.0] AndroidManifest.xml:18:5-42
MERGED from [com.google.android.gms:play-services-basement:8.1.0] AndroidManifest.xml:18:5-42
MERGED from [com.android.support:support-v4:22.2.0] AndroidManifest.xml:20:5-43
MERGED from [com.google.android.gms:play-services-ads:8.1.0] AndroidManifest.xml:23:5-42
MERGED from [com.google.android.gms:play-services-basement:8.1.0] AndroidManifest.xml:18:5-42
MERGED from [com.android.support:support-v4:22.2.0] AndroidManifest.xml:20:5-43
MERGED from [com.google.android.gms:play-services-appindexing:8.1.0] AndroidManifest.xml:18:5-42
MERGED from [com.google.android.gms:play-services-basement:8.1.0] AndroidManifest.xml:18:5-42
MERGED from [com.android.support:support-v4:22.2.0] AndroidManifest.xml:20:5-43
MERGED from [com.google.android.gms:play-services-appindexing:8.1.0] AndroidManifest.xml:18:5-42
MERGED from [com.google.android.gms:play-services-basement:8.1.0] AndroidManifest.xml:18:5-42
MERGED from [com.android.support:support-v4:22.2.0] AndroidManifest.xml:20:5-43
MERGED from [com.google.android.gms:play-services-appinvite:8.1.0] AndroidManifest.xml:18:5-42
MERGED from [com.google.android.gms:play-services-base:8.1.0] AndroidManifest.xml:18:5-42
MERGED from [com.google.android.gms:play-services-basement:8.1.0] AndroidManifest.xml:18:5-42
MERGED from [com.android.support:support-v4:22.2.0] AndroidManifest.xml:20:5-43
MERGED from [com.google.android.gms:play-services-appstate:8.1.0] AndroidManifest.xml:18:5-42
MERGED from [com.google.android.gms:play-services-base:8.1.0] AndroidManifest.xml:18:5-42
MERGED from [com.google.android.gms:play-services-basement:8.1.0] AndroidManifest.xml:18:5-42